<?xml version="1.0" encoding="UTF-8"?>
<!-- Generated by org.testng.reporters.JUnitReportReporter -->
<testsuite hostname="prakash-pc" name="com.selenium.test.GroupTest" tests="2" failures="0" timestamp="20 Jun 2015 06:15:32 GMT" time="0.031" errors="0">
  <testcase name="method4" time="0.000" classname="com.selenium.test.GroupTest"/>
  <testcase name="method2" time="0.031" classname="com.selenium.test.GroupTest"/>
</testsuite> <!-- com.selenium.test.GroupTest -->
