<?xml version="1.0" encoding="UTF-8"?>
<!-- Generated by org.testng.reporters.JUnitReportReporter -->
<testsuite hostname="prakash-pc" name="com.selenium.test.MultipleWindows" tests="1" failures="0" timestamp="19 Jun 2015 02:23:54 GMT" time="57.161" errors="0">
  <testcase name="testMultiwindow" time="57.161" classname="com.selenium.test.MultipleWindows"/>
</testsuite> <!-- com.selenium.test.MultipleWindows -->
