<?xml version="1.0" encoding="UTF-8"?>
<!-- Generated by org.testng.reporters.JUnitReportReporter -->
<testsuite hostname="prakash-pc" name="com.selenium.test.SimpleTestNg" tests="2" failures="0" timestamp="20 Jun 2015 06:25:27 GMT" time="0.861" errors="0">
  <testcase name="typeText" time="0.349" classname="com.selenium.test.SimpleTestNg"/>
  <testcase name="typeText" time="0.512" classname="com.selenium.test.SimpleTestNg"/>
</testsuite> <!-- com.selenium.test.SimpleTestNg -->
