<?xml version="1.0" encoding="UTF-8"?>
<!-- Generated by org.testng.reporters.JUnitReportReporter -->
<testsuite hostname="prakash-pc" name="com.selenium.test.MvClass" tests="1" failures="0" timestamp="16 Jun 2015 17:21:18 GMT" time="0.419" errors="0">
  <testcase name="typeText" time="0.419" classname="com.selenium.test.MvClass"/>
</testsuite> <!-- com.selenium.test.MvClass -->
