<?xml version="1.0" encoding="UTF-8"?>
<!-- Generated by org.testng.reporters.JUnitReportReporter -->
<testsuite hostname="prakash-pc" name="com.selenium.test.GridParallel" tests="2" failures="0" timestamp="15 Jul 2015 15:23:17 GMT" time="48.001" errors="0">
  <testcase name="textType" time="19.619" classname="com.selenium.test.GridParallel"/>
  <testcase name="textType" time="28.382" classname="com.selenium.test.GridParallel"/>
</testsuite> <!-- com.selenium.test.GridParallel -->
