<?xml version="1.0" encoding="UTF-8"?>
<!-- Generated by org.testng.reporters.JUnitReportReporter -->
<testsuite hostname="prakash-pc" name="com.selenium.test.differentMouseEvents" tests="1" failures="0" timestamp="20 Jun 2015 07:26:01 GMT" time="0.945" errors="0">
  <testcase name="mouseOver" time="0.945" classname="com.selenium.test.differentMouseEvents"/>
</testsuite> <!-- com.selenium.test.differentMouseEvents -->
