<?xml version="1.0" encoding="UTF-8"?>
<!-- Generated by org.testng.reporters.JUnitReportReporter -->
<testsuite hostname="prakash-pc" name="com.selenium.test.objectRepo" tests="1" failures="0" timestamp="21 Jun 2015 04:07:36 GMT" time="8.504" errors="0">
  <testcase name="testMethod" time="8.504" classname="com.selenium.test.objectRepo"/>
</testsuite> <!-- com.selenium.test.objectRepo -->
