<?xml version="1.0" encoding="UTF-8"?>
<!-- Generated by org.testng.reporters.JUnitReportReporter -->
<testsuite hostname="prakash-pc" name="com.selenium.test.Grid" tests="1" failures="0" timestamp="15 Jul 2015 15:03:28 GMT" time="25.456" errors="0">
  <testcase name="textType" time="25.456" classname="com.selenium.test.Grid"/>
</testsuite> <!-- com.selenium.test.Grid -->
