<?xml version="1.0" encoding="UTF-8"?>
<!-- Generated by org.testng.reporters.JUnitReportReporter -->
<testsuite hostname="prakash-pc" name="com.selenium.test.B" tests="3" failures="0" timestamp="20 Jun 2015 06:15:32 GMT" time="0.032" errors="0">
  <testcase name="method4" time="0.000" classname="com.selenium.test.B"/>
  <testcase name="method3" time="0.016" classname="com.selenium.test.B"/>
  <testcase name="method1" time="0.016" classname="com.selenium.test.B"/>
</testsuite> <!-- com.selenium.test.B -->
