<?xml version="1.0" encoding="UTF-8"?>
<!-- Generated by org.testng.reporters.JUnitReportReporter -->
<testsuite hostname="prakash-pc" name="com.selenium.test.mouseEvents" tests="1" failures="0" timestamp="20 Jun 2015 07:16:18 GMT" time="0.044" errors="0">
  <testcase name="mouseOver" time="0.044" classname="com.selenium.test.mouseEvents"/>
</testsuite> <!-- com.selenium.test.mouseEvents -->
