<?xml version="1.0" encoding="UTF-8"?>
<!-- Generated by org.testng.reporters.JUnitReportReporter -->
<testsuite hostname="prakash-pc" name="com.selenium.test.HandleCookies" tests="1" failures="0" timestamp="21 Jun 2015 03:51:02 GMT" time="6.682" errors="0">
  <testcase name="cookiee" time="6.682" classname="com.selenium.test.HandleCookies"/>
</testsuite> <!-- com.selenium.test.HandleCookies -->
